<?xml version="1.0" encoding="UTF-8"?>
<!-- Generated by org.testng.reporters.JUnitXMLReporter -->
<testsuite ignored="0" hostname="Cosmins-MacBook-Air.local" failures="0" tests="2" name="Command line test" time="1.707" errors="0" timestamp="2023-03-25T23:15:19 EET">
  <testcase classname="tests.ArtistsTest" name="verifyGetArtistEndpointReturnSuccessStatusCode" time="1.059"/>
  <testcase classname="tests.ArtistsTest" name="verifyPostPokemonReturnSuccessStatusCode" time="0.633"/>
</testsuite> <!-- Command line test -->
