<?xml version="1.0" encoding="UTF-8"?>
<testng-results ignored="0" total="2" passed="2" failed="0" skipped="0">
  <reporter-output>
  </reporter-output>
  <suite started-at="2023-03-25T23:15:18 EET" name="Command line suite" finished-at="2023-03-25T23:15:19 EET" duration-ms="1707">
    <groups>
    </groups>
    <test started-at="2023-03-25T23:15:18 EET" name="Command line test" finished-at="2023-03-25T23:15:19 EET" duration-ms="1707">
      <class name="tests.ArtistsTest">
        <test-method signature="verifyGetArtistEndpointReturnSuccessStatusCode()[pri:0, instance:tests.ArtistsTest@27ae2fd0]" started-at="2023-03-25T23:15:18 EET" name="verifyGetArtistEndpointReturnSuccessStatusCode" finished-at="2023-03-25T23:15:19 EET" duration-ms="1059" status="PASS">
          <reporter-output>
          </reporter-output>
        </test-method> <!-- verifyGetArtistEndpointReturnSuccessStatusCode -->
        <test-method signature="verifyPostPokemonReturnSuccessStatusCode()[pri:0, instance:tests.ArtistsTest@27ae2fd0]" started-at="2023-03-25T23:15:19 EET" name="verifyPostPokemonReturnSuccessStatusCode" finished-at="2023-03-25T23:15:19 EET" duration-ms="633" status="PASS">
          <reporter-output>
          </reporter-output>
        </test-method> <!-- verifyPostPokemonReturnSuccessStatusCode -->
      </class> <!-- tests.ArtistsTest -->
    </test> <!-- Command line test -->
  </suite> <!-- Command line suite -->
</testng-results>
