<?xml version="1.0" encoding="UTF-8"?>
<coverage generated="1679778924614" clover="4.4.1">
   <project name="Chapter3Exercises 1.0-SNAPSHOT" timestamp="1679778919845">
      <metrics coveredelements="10" complexity="7" loc="60" methods="6" classes="2" statements="10" packages="2" coveredconditionals="0" coveredmethods="4" elements="18" ncloc="43" files="2" conditionals="2" coveredstatements="6"/>
      <package name="dataObjects">
         <metrics coveredelements="10" complexity="4" loc="35" methods="4" classes="1" statements="6" coveredconditionals="0" coveredmethods="4" elements="10" ncloc="26" files="1" conditionals="0" coveredstatements="6"/>
         <file path="/Users/cosmin/Desktop/FullStackTestingBookExercises/Chapter3Exercises/src/main/java/dataObjects/ItemDetails.java" name="ItemDetails.java">
            <metrics coveredelements="10" coveredconditionals="0" complexity="4" loc="35" coveredmethods="4" methods="4" elements="10" classes="1" ncloc="26" statements="6" conditionals="0" coveredstatements="6"/>
            <class name="ItemDetails">
               <metrics coveredelements="10" coveredconditionals="0" complexity="4" coveredmethods="4" methods="4" elements="10" statements="6" conditionals="0" coveredstatements="6"/>
            </class>
            <line complexity="1" visibility="public" signature="ItemDetails(String,String,String)" num="14" count="2" type="method"/>
            <line num="15" count="2" type="stmt"/>
            <line num="16" count="2" type="stmt"/>
            <line num="17" count="2" type="stmt"/>
            <line complexity="1" visibility="public" signature="getSku() : String" num="20" count="2" type="method"/>
            <line num="22" count="2" type="stmt"/>
            <line complexity="1" visibility="public" signature="getColor() : String" num="25" count="2" type="method"/>
            <line num="27" count="2" type="stmt"/>
            <line complexity="1" visibility="public" signature="getSize() : String" num="30" count="2" type="method"/>
            <line num="32" count="2" type="stmt"/>
         </file>
      </package>
      <package name="Customers">
         <metrics coveredelements="0" complexity="3" loc="25" methods="2" classes="1" statements="4" coveredconditionals="0" coveredmethods="0" elements="8" ncloc="17" files="1" conditionals="2" coveredstatements="0"/>
         <file path="/Users/cosmin/Desktop/FullStackTestingBookExercises/Chapter3Exercises/src/main/java/Customers/CustomerManagement.java" name="CustomerManagement.java">
            <metrics coveredelements="0" coveredconditionals="0" complexity="3" loc="25" coveredmethods="0" methods="2" elements="8" classes="1" ncloc="17" statements="4" conditionals="2" coveredstatements="0"/>
            <class name="CustomerManagement">
               <metrics coveredelements="0" coveredconditionals="0" complexity="3" coveredmethods="0" methods="2" elements="8" statements="4" conditionals="2" coveredstatements="0"/>
            </class>
            <line complexity="1" visibility="public" signature="getCustomers() : List&lt;List&lt;String&gt;&gt;" num="14" count="0" type="method"/>
            <line num="15" count="0" type="stmt"/>
            <line complexity="2" visibility="public" signature="addCustomers(List&lt;String&gt;) : void" num="19" count="0" type="method"/>
            <line num="20" count="0" type="stmt"/>
            <line falsecount="0" truecount="0" num="20" type="cond"/>
            <line num="21" count="0" type="stmt"/>
            <line num="22" count="0" type="stmt"/>
         </file>
      </package>
   </project>
   <testproject name="Chapter3Exercises 1.0-SNAPSHOT" timestamp="1679778919845">
      <metrics coveredelements="5" complexity="13" loc="186" methods="11" classes="6" statements="36" packages="3" coveredconditionals="0" coveredmethods="2" elements="49" ncloc="143" files="6" conditionals="2" coveredstatements="3"/>
      <package name="pages">
         <metrics coveredelements="0" complexity="4" loc="47" methods="4" classes="2" statements="9" coveredconditionals="0" coveredmethods="0" elements="13" ncloc="36" files="2" conditionals="0" coveredstatements="0"/>
         <file path="/Users/cosmin/Desktop/FullStackTestingBookExercises/Chapter3Exercises/src/test/java/pages/HomePage.java" name="HomePage.java">
            <metrics coveredelements="0" coveredconditionals="0" complexity="2" loc="24" coveredmethods="0" methods="2" elements="6" classes="1" ncloc="18" statements="4" conditionals="0" coveredstatements="0"/>
            <class name="HomePage">
               <metrics coveredelements="0" coveredconditionals="0" complexity="2" coveredmethods="0" methods="2" elements="6" statements="4" conditionals="0" coveredstatements="0"/>
            </class>
            <line complexity="1" visibility="public" signature="HomePage(WebDriver)" num="15" count="0" type="method"/>
            <line num="16" count="0" type="stmt"/>
            <line complexity="1" visibility="public" signature="getTitle() : String" num="19" count="0" type="method"/>
            <line num="20" count="0" type="stmt"/>
            <line num="21" count="0" type="stmt"/>
            <line num="22" count="0" type="stmt"/>
         </file>
         <file path="/Users/cosmin/Desktop/FullStackTestingBookExercises/Chapter3Exercises/src/test/java/pages/LoginPage.java" name="LoginPage.java">
            <metrics coveredelements="0" coveredconditionals="0" complexity="2" loc="23" coveredmethods="0" methods="2" elements="7" classes="1" ncloc="18" statements="5" conditionals="0" coveredstatements="0"/>
            <class name="LoginPage">
               <metrics coveredelements="0" coveredconditionals="0" complexity="2" coveredmethods="0" methods="2" elements="7" statements="5" conditionals="0" coveredstatements="0"/>
            </class>
            <line complexity="1" visibility="public" signature="LoginPage(WebDriver)" num="13" count="0" type="method"/>
            <line num="14" count="0" type="stmt"/>
            <line complexity="1" visibility="public" signature="login(String,String) : HomePage" num="17" count="0" type="method"/>
            <line num="18" count="0" type="stmt"/>
            <line num="19" count="0" type="stmt"/>
            <line num="20" count="0" type="stmt"/>
            <line num="21" count="0" type="stmt"/>
         </file>
      </package>
      <package name="tests">
         <metrics coveredelements="5" complexity="5" loc="90" methods="5" classes="3" statements="14" coveredconditionals="0" coveredmethods="2" elements="19" ncloc="69" files="3" conditionals="0" coveredstatements="3"/>
         <file path="/Users/cosmin/Desktop/FullStackTestingBookExercises/Chapter3Exercises/src/test/java/tests/ArtistsTest.java" name="ArtistsTest.java">
            <metrics coveredelements="5" coveredconditionals="0" complexity="2" loc="34" coveredmethods="2" methods="2" elements="5" classes="1" ncloc="27" statements="3" conditionals="0" coveredstatements="3"/>
            <class name="ArtistsTest">
               <metrics coveredelements="5" complexity="2" methods="2" testruns="4" statements="3" coveredconditionals="0" coveredmethods="2" elements="5" testfailures="1" testduration="3.4909999999999997" conditionals="0" coveredstatements="3" testpasses="3"/>
            </class>
            <line complexity="1" visibility="public" signature="verifyGetArtistEndpointReturnSuccessStatusCode() : void" num="11" testsuccess="true" count="1" testduration="1.117" type="method"/>
            <line num="13" count="1" type="stmt"/>
            <line complexity="1" visibility="public" signature="verifyPostPokemonReturnSuccessStatusCode() : void" num="20" testsuccess="false" count="1" testduration="0.692" type="method"/>
            <line num="22" count="1" type="stmt"/>
            <line num="24" count="1" type="stmt"/>
         </file>
         <file path="/Users/cosmin/Desktop/FullStackTestingBookExercises/Chapter3Exercises/src/test/java/tests/CustomerManagementTests.java" name="CustomerManagementTests.java">
            <metrics coveredelements="0" coveredconditionals="0" complexity="2" loc="40" coveredmethods="0" methods="2" elements="11" classes="1" ncloc="31" statements="9" conditionals="0" coveredstatements="0"/>
            <class name="CustomerManagementTests">
               <metrics coveredelements="0" coveredconditionals="0" complexity="2" coveredmethods="0" methods="2" elements="11" statements="9" conditionals="0" coveredstatements="0"/>
            </class>
            <line complexity="1" visibility="public" signature="shouldReturnEmptyWhenThereAreNoCustomers() : void" num="17" count="0" type="method"/>
            <line num="20" count="0" type="stmt"/>
            <line num="21" count="0" type="stmt"/>
            <line num="23" count="0" type="stmt"/>
            <line complexity="1" visibility="public" signature="shouldThrowExceptionForInvalidInput() : void" num="26" count="0" type="method"/>
            <line num="29" count="0" type="stmt"/>
            <line num="30" count="0" type="stmt"/>
            <line num="31" count="0" type="stmt"/>
            <line num="32" count="0" type="stmt"/>
            <line num="34" count="0" type="stmt"/>
            <line num="35" count="0" type="stmt"/>
         </file>
         <file path="/Users/cosmin/Desktop/FullStackTestingBookExercises/Chapter3Exercises/src/test/java/tests/LoginTest.java" name="LoginTest.java">
            <metrics coveredelements="0" coveredconditionals="0" complexity="1" loc="16" coveredmethods="0" methods="1" elements="3" classes="1" ncloc="11" statements="2" conditionals="0" coveredstatements="0"/>
            <class name="LoginTest">
               <metrics coveredelements="0" coveredconditionals="0" complexity="1" coveredmethods="0" methods="1" elements="3" statements="2" conditionals="0" coveredstatements="0"/>
            </class>
            <line complexity="1" visibility="public" signature="verifySuccessfulLogin() : void" num="12" count="0" type="method"/>
            <line num="13" count="0" type="stmt"/>
            <line num="14" count="0" type="stmt"/>
         </file>
      </package>
      <package name="base">
         <metrics coveredelements="0" complexity="4" loc="49" methods="2" classes="1" statements="13" coveredconditionals="0" coveredmethods="0" elements="17" ncloc="38" files="1" conditionals="2" coveredstatements="0"/>
         <file path="/Users/cosmin/Desktop/FullStackTestingBookExercises/Chapter3Exercises/src/test/java/base/BaseTest.java" name="BaseTest.java">
            <metrics coveredelements="0" coveredconditionals="0" complexity="4" loc="49" coveredmethods="0" methods="2" elements="17" classes="1" ncloc="38" statements="13" conditionals="2" coveredstatements="0"/>
            <class name="BaseTest">
               <metrics coveredelements="0" coveredconditionals="0" complexity="4" coveredmethods="0" methods="2" elements="17" statements="13" conditionals="2" coveredstatements="0"/>
            </class>
            <line complexity="1" visibility="public" signature="setUp() : void" num="22" count="0" type="method"/>
            <line num="24" count="0" type="stmt"/>
            <line num="26" count="0" type="stmt"/>
            <line num="27" count="0" type="stmt"/>
            <line num="30" count="0" type="stmt"/>
            <line num="31" count="0" type="stmt"/>
            <line num="32" count="0" type="stmt"/>
            <line complexity="3" visibility="public" signature="teardown(ITestResult) : void" num="36" count="0" type="method"/>
            <line num="38" count="0" type="stmt"/>
            <line falsecount="0" truecount="0" num="38" type="cond"/>
            <line num="39" count="0" type="stmt"/>
            <line num="40" count="0" type="stmt"/>
            <line num="41" count="0" type="stmt"/>
            <line num="42" count="0" type="stmt"/>
            <line num="44" count="0" type="stmt"/>
            <line num="47" count="0" type="stmt"/>
         </file>
      </package>
   </testproject>
</coverage>